Arguments: 
  /Users/larsdenbakker/.nvm/versions/node/v8.11.1/bin/node /Users/larsdenbakker/.nvm/versions/node/v8.11.1/bin/yarn install

PATH: 
  /Users/larsdenbakker/.nvm/versions/node/v8.11.1/bin:/usr/local/bin:/usr/bin:/bin:/usr/sbin:/sbin:/usr/local/Cellar/maven/3.5.3/libexec/bin:/usr/local/Cellar/maven/3.5.3/libexec/bin

Yarn version: 
  1.7.0

Node version: 
  8.11.1

Platform: 
  darwin x64

Trace: 
  Error: https://artifactory.ing.net/artifactory/api/npm/releases_npm_all/@bundled-es-modules%2fdeep-diff: not_found
      at Request.params.callback [as _callback] (/Users/larsdenbakker/.nvm/versions/node/v8.11.1/lib/node_modules/yarn/lib/cli.js:65656:18)
      at Request.self.callback (/Users/larsdenbakker/.nvm/versions/node/v8.11.1/lib/node_modules/yarn/lib/cli.js:134675:22)
      at emitTwo (events.js:126:13)
      at Request.emit (events.js:214:7)
      at Request.<anonymous> (/Users/larsdenbakker/.nvm/versions/node/v8.11.1/lib/node_modules/yarn/lib/cli.js:135658:10)
      at emitOne (events.js:116:13)
      at Request.emit (events.js:211:7)
      at Gunzip.<anonymous> (/Users/larsdenbakker/.nvm/versions/node/v8.11.1/lib/node_modules/yarn/lib/cli.js:135578:12)
      at Object.onceWrapper (events.js:313:30)
      at emitNone (events.js:111:20)

npm manifest: 
  {
    "name": "html-test-fixture",
    "version": "1.0.0",
    "description": "",
    "main": "index.js",
    "scripts": {
      "test": "npm run build && wct --skip-selenium-install --configFile wct.conf.json --npm",
      "test:debug": "npm run watch & wct --skip-selenium-install --configFile wct-debug.conf.json --npm",
      "build": "tsc",
      "watch": "tsc --watch"
    },
    "repository": {
      "type": "git",
      "url": "git+https://github.com/LarsDenBakker/html-test-fixture.git"
    },
    "author": "",
    "license": "ISC",
    "bugs": {
      "url": "https://github.com/LarsDenBakker/html-test-fixture/issues"
    },
    "homepage": "https://github.com/LarsDenBakker/html-test-fixture#readme",
    "dependencies": {
      "@bundled-es-modules/parse5": "@bundled-es-modules/parse5#master",
      "@bundled-es-modules/deep-diff": "@bundled-es-modules/deep-diff#master",
      "lit-html": "^0.10.2"
    },
    "devDependencies": {
      "@types/deep-diff": "^0.0.31",
      "@types/parse5": "^5.0.0",
      "typescript": "^3.0.1",
      "wct-browser-legacy": "^1.0.1",
      "web-component-tester": "^6.8.0"
    }
  }

yarn manifest: 
  No manifest

Lockfile: 
  No lockfile
